Arguments: 
  /Users/martymulligan/.nvm/versions/node/v16.13.2/bin/node /usr/local/Cellar/yarn/1.22.17_2/libexec/bin/yarn.js add ensjs

PATH: 
  /Users/martymulligan/.nvm/versions/node/v16.13.2/bin:/Users/martymulligan/.cargo/bin:/Users/martymulligan/go-code/bin:/Users/martymulligan/Library/Python/3.7/bin:/usr/local/opt/python/libexec/bin:/usr/bin/ruby:/Applications/MAMP/Library/bin:/Applications/MAMP/bin/php/php7.3.1/bin:/usr/local/bin:/usr/bin:/bin:/usr/sbin:/sbin:/usr/local/go/bin:/Library/Apple/usr/bin

Yarn version: 
  1.22.17

Node version: 
  16.13.2

Platform: 
  darwin x64

Trace: 
  Error: https://registry.yarnpkg.com/ensjs: Not found
      at Request.params.callback [as _callback] (/usr/local/Cellar/yarn/1.22.17_2/libexec/lib/cli.js:67029:18)
      at Request.self.callback (/usr/local/Cellar/yarn/1.22.17_2/libexec/lib/cli.js:140883:22)
      at Request.emit (node:events:390:28)
      at Request.<anonymous> (/usr/local/Cellar/yarn/1.22.17_2/libexec/lib/cli.js:141855:10)
      at Request.emit (node:events:390:28)
      at IncomingMessage.<anonymous> (/usr/local/Cellar/yarn/1.22.17_2/libexec/lib/cli.js:141777:12)
      at Object.onceWrapper (node:events:509:28)
      at IncomingMessage.emit (node:events:402:35)
      at endReadableNT (node:internal/streams/readable:1343:12)
      at processTicksAndRejections (node:internal/process/task_queues:83:21)

npm manifest: 
  No manifest

yarn manifest: 
  No manifest

Lockfile: 
  No lockfile
